[2026-07-14T00:08:20.355Z] Batch mulai: 1 akun.
[2026-07-14T00:08:53.109Z] Batch selesai: total=1 sukses=1 skip=0 gagal=0
[2026-07-14T00:42:53.134Z] Batch mulai: 1 akun.
[2026-07-14T00:43:26.377Z] Batch selesai: total=1 sukses=1 skip=0 gagal=0
[2026-07-14T00:51:30.398Z] Batch mulai: 3 akun.
[2026-07-14T00:53:09.409Z] Batch selesai: total=3 sukses=3 skip=0 gagal=0
[2026-07-14T00:58:04.294Z] Batch mulai: 1 akun.
[2026-07-14T00:58:25.982Z] Batch selesai: total=1 sukses=1 skip=0 gagal=0
[2026-07-14T01:08:18.339Z] Batch mulai: 1 akun.
[2026-07-14T01:08:33.387Z] Batch selesai: total=1 sukses=0 skip=1 gagal=0
[2026-07-14T01:38:18.458Z] Batch mulai: 1 akun.
[2026-07-14T01:38:32.907Z] Batch selesai: total=1 sukses=0 skip=1 gagal=0
[2026-07-14T01:42:37.910Z] Batch mulai: 3 akun.
[2026-07-14T01:44:08.355Z] Batch selesai: total=3 sukses=2 skip=1 gagal=0
[2026-07-14T01:48:08.928Z] Batch mulai: 1 akun.
[2026-07-14T01:48:38.275Z] Batch selesai: total=1 sukses=0 skip=0 gagal=1
[2026-07-14T02:41:56.015Z] Batch mulai: 2 akun.
[2026-07-14T02:42:50.023Z] Batch selesai: total=2 sukses=1 skip=1 gagal=0
[2026-07-14T04:12:25.020Z] Batch mulai: 4 akun.
[2026-07-14T04:16:00.039Z] Batch selesai: total=4 sukses=3 skip=0 gagal=1
[2026-07-14T04:16:16.663Z] Batch mulai: 1 akun.
[2026-07-14T04:16:35.474Z] Batch selesai: total=1 sukses=1 skip=0 gagal=0
[2026-07-14T04:22:00.968Z] Batch mulai: 1 akun.
[2026-07-14T04:22:22.401Z] Batch selesai: total=1 sukses=1 skip=0 gagal=0
[2026-07-14T04:24:07.906Z] Batch mulai: 1 akun.
[2026-07-14T04:24:23.264Z] Batch selesai: total=1 sukses=0 skip=1 gagal=0
[2026-07-14T04:54:54.724Z] Batch mulai: 1 akun.
[2026-07-14T04:55:26.793Z] Batch selesai: total=1 sukses=1 skip=0 gagal=0
[2026-07-14T05:28:12.816Z] Batch mulai: 1 akun.
[2026-07-14T05:28:46.944Z] Batch selesai: total=1 sukses=1 skip=0 gagal=0
[2026-07-14T05:35:08.210Z] Server dihentikan manual (SIGINT).
[2026-07-14T05:35:50.391Z] Server start di port 3000.
[2026-07-14T05:36:13.255Z] [FATAL] uncaughtException: Error: listen EADDRINUSE: address already in use :::3000
    at Server.setupListenHandle [as _listen2] (node:net:2008:16)
    at listenInCluster (node:net:2065:12)
    at Server.listen (node:net:2170:7)
    at app.listen (C:\Users\dits\Downloads\SwannHub\node_modules\express\lib\application.js:635:24)
    at Object.<anonymous> (C:\Users\dits\Downloads\SwannHub\server.js:207:5)
    at Module._compile (node:internal/modules/cjs/loader:1830:14)
    at Object..js (node:internal/modules/cjs/loader:1961:10)
    at Module.load (node:internal/modules/cjs/loader:1553:32)
    at Module._load (node:internal/modules/cjs/loader:1355:12)
    at wrapModuleLoad (node:internal/modules/cjs/loader:255:19)
[2026-07-14T05:36:18.380Z] [FATAL] uncaughtException: Error: listen EADDRINUSE: address already in use :::3000
    at Server.setupListenHandle [as _listen2] (node:net:2008:16)
    at listenInCluster (node:net:2065:12)
    at Server.listen (node:net:2170:7)
    at app.listen (C:\Users\dits\Downloads\SwannHub\node_modules\express\lib\application.js:635:24)
    at Object.<anonymous> (C:\Users\dits\Downloads\SwannHub\server.js:207:5)
    at Module._compile (node:internal/modules/cjs/loader:1830:14)
    at Object..js (node:internal/modules/cjs/loader:1961:10)
    at Module.load (node:internal/modules/cjs/loader:1553:32)
    at Module._load (node:internal/modules/cjs/loader:1355:12)
    at wrapModuleLoad (node:internal/modules/cjs/loader:255:19)
[2026-07-14T05:36:23.442Z] [FATAL] uncaughtException: Error: listen EADDRINUSE: address already in use :::3000
    at Server.setupListenHandle [as _listen2] (node:net:2008:16)
    at listenInCluster (node:net:2065:12)
    at Server.listen (node:net:2170:7)
    at app.listen (C:\Users\dits\Downloads\SwannHub\node_modules\express\lib\application.js:635:24)
    at Object.<anonymous> (C:\Users\dits\Downloads\SwannHub\server.js:207:5)
    at Module._compile (node:internal/modules/cjs/loader:1830:14)
    at Object..js (node:internal/modules/cjs/loader:1961:10)
    at Module.load (node:internal/modules/cjs/loader:1553:32)
    at Module._load (node:internal/modules/cjs/loader:1355:12)
    at wrapModuleLoad (node:internal/modules/cjs/loader:255:19)
[2026-07-14T05:36:26.503Z] [FATAL] uncaughtException: Error: listen EADDRINUSE: address already in use :::3000
    at Server.setupListenHandle [as _listen2] (node:net:2008:16)
    at listenInCluster (node:net:2065:12)
    at Server.listen (node:net:2170:7)
    at app.listen (C:\Users\dits\Downloads\SwannHub\node_modules\express\lib\application.js:635:24)
    at Object.<anonymous> (C:\Users\dits\Downloads\SwannHub\server.js:207:5)
    at Module._compile (node:internal/modules/cjs/loader:1830:14)
    at Object..js (node:internal/modules/cjs/loader:1961:10)
    at Module.load (node:internal/modules/cjs/loader:1553:32)
    at Module._load (node:internal/modules/cjs/loader:1355:12)
    at wrapModuleLoad (node:internal/modules/cjs/loader:255:19)
[2026-07-14T05:36:28.494Z] [FATAL] uncaughtException: Error: listen EADDRINUSE: address already in use :::3000
    at Server.setupListenHandle [as _listen2] (node:net:2008:16)
    at listenInCluster (node:net:2065:12)
    at Server.listen (node:net:2170:7)
    at app.listen (C:\Users\dits\Downloads\SwannHub\node_modules\express\lib\application.js:635:24)
    at Object.<anonymous> (C:\Users\dits\Downloads\SwannHub\server.js:207:5)
    at Module._compile (node:internal/modules/cjs/loader:1830:14)
    at Object..js (node:internal/modules/cjs/loader:1961:10)
    at Module.load (node:internal/modules/cjs/loader:1553:32)
    at Module._load (node:internal/modules/cjs/loader:1355:12)
    at wrapModuleLoad (node:internal/modules/cjs/loader:255:19)
[2026-07-14T05:36:33.395Z] [FATAL] uncaughtException: Error: listen EADDRINUSE: address already in use :::3000
    at Server.setupListenHandle [as _listen2] (node:net:2008:16)
    at listenInCluster (node:net:2065:12)
    at Server.listen (node:net:2170:7)
    at app.listen (C:\Users\dits\Downloads\SwannHub\node_modules\express\lib\application.js:635:24)
    at Object.<anonymous> (C:\Users\dits\Downloads\SwannHub\server.js:207:5)
    at Module._compile (node:internal/modules/cjs/loader:1830:14)
    at Object..js (node:internal/modules/cjs/loader:1961:10)
    at Module.load (node:internal/modules/cjs/loader:1553:32)
    at Module._load (node:internal/modules/cjs/loader:1355:12)
    at wrapModuleLoad (node:internal/modules/cjs/loader:255:19)
[2026-07-14T05:36:38.425Z] [FATAL] uncaughtException: Error: listen EADDRINUSE: address already in use :::3000
    at Server.setupListenHandle [as _listen2] (node:net:2008:16)
    at listenInCluster (node:net:2065:12)
    at Server.listen (node:net:2170:7)
    at app.listen (C:\Users\dits\Downloads\SwannHub\node_modules\express\lib\application.js:635:24)
    at Object.<anonymous> (C:\Users\dits\Downloads\SwannHub\server.js:207:5)
    at Module._compile (node:internal/modules/cjs/loader:1830:14)
    at Object..js (node:internal/modules/cjs/loader:1961:10)
    at Module.load (node:internal/modules/cjs/loader:1553:32)
    at Module._load (node:internal/modules/cjs/loader:1355:12)
    at wrapModuleLoad (node:internal/modules/cjs/loader:255:19)
[2026-07-14T05:36:43.435Z] [FATAL] uncaughtException: Error: listen EADDRINUSE: address already in use :::3000
    at Server.setupListenHandle [as _listen2] (node:net:2008:16)
    at listenInCluster (node:net:2065:12)
    at Server.listen (node:net:2170:7)
    at app.listen (C:\Users\dits\Downloads\SwannHub\node_modules\express\lib\application.js:635:24)
    at Object.<anonymous> (C:\Users\dits\Downloads\SwannHub\server.js:207:5)
    at Module._compile (node:internal/modules/cjs/loader:1830:14)
    at Object..js (node:internal/modules/cjs/loader:1961:10)
    at Module.load (node:internal/modules/cjs/loader:1553:32)
    at Module._load (node:internal/modules/cjs/loader:1355:12)
    at wrapModuleLoad (node:internal/modules/cjs/loader:255:19)
[2026-07-14T05:36:48.453Z] [FATAL] uncaughtException: Error: listen EADDRINUSE: address already in use :::3000
    at Server.setupListenHandle [as _listen2] (node:net:2008:16)
    at listenInCluster (node:net:2065:12)
    at Server.listen (node:net:2170:7)
    at app.listen (C:\Users\dits\Downloads\SwannHub\node_modules\express\lib\application.js:635:24)
    at Object.<anonymous> (C:\Users\dits\Downloads\SwannHub\server.js:207:5)
    at Module._compile (node:internal/modules/cjs/loader:1830:14)
    at Object..js (node:internal/modules/cjs/loader:1961:10)
    at Module.load (node:internal/modules/cjs/loader:1553:32)
    at Module._load (node:internal/modules/cjs/loader:1355:12)
    at wrapModuleLoad (node:internal/modules/cjs/loader:255:19)
[2026-07-14T05:36:53.456Z] [FATAL] uncaughtException: Error: listen EADDRINUSE: address already in use :::3000
    at Server.setupListenHandle [as _listen2] (node:net:2008:16)
    at listenInCluster (node:net:2065:12)
    at Server.listen (node:net:2170:7)
    at app.listen (C:\Users\dits\Downloads\SwannHub\node_modules\express\lib\application.js:635:24)
    at Object.<anonymous> (C:\Users\dits\Downloads\SwannHub\server.js:207:5)
    at Module._compile (node:internal/modules/cjs/loader:1830:14)
    at Object..js (node:internal/modules/cjs/loader:1961:10)
    at Module.load (node:internal/modules/cjs/loader:1553:32)
    at Module._load (node:internal/modules/cjs/loader:1355:12)
    at wrapModuleLoad (node:internal/modules/cjs/loader:255:19)
[2026-07-14T05:36:58.468Z] [FATAL] uncaughtException: Error: listen EADDRINUSE: address already in use :::3000
    at Server.setupListenHandle [as _listen2] (node:net:2008:16)
    at listenInCluster (node:net:2065:12)
    at Server.listen (node:net:2170:7)
    at app.listen (C:\Users\dits\Downloads\SwannHub\node_modules\express\lib\application.js:635:24)
    at Object.<anonymous> (C:\Users\dits\Downloads\SwannHub\server.js:207:5)
    at Module._compile (node:internal/modules/cjs/loader:1830:14)
    at Object..js (node:internal/modules/cjs/loader:1961:10)
    at Module.load (node:internal/modules/cjs/loader:1553:32)
    at Module._load (node:internal/modules/cjs/loader:1355:12)
    at wrapModuleLoad (node:internal/modules/cjs/loader:255:19)
[2026-07-14T05:37:03.368Z] [FATAL] uncaughtException: Error: listen EADDRINUSE: address already in use :::3000
    at Server.setupListenHandle [as _listen2] (node:net:2008:16)
    at listenInCluster (node:net:2065:12)
    at Server.listen (node:net:2170:7)
    at app.listen (C:\Users\dits\Downloads\SwannHub\node_modules\express\lib\application.js:635:24)
    at Object.<anonymous> (C:\Users\dits\Downloads\SwannHub\server.js:207:5)
    at Module._compile (node:internal/modules/cjs/loader:1830:14)
    at Object..js (node:internal/modules/cjs/loader:1961:10)
    at Module.load (node:internal/modules/cjs/loader:1553:32)
    at Module._load (node:internal/modules/cjs/loader:1355:12)
    at wrapModuleLoad (node:internal/modules/cjs/loader:255:19)
[2026-07-14T05:37:08.390Z] [FATAL] uncaughtException: Error: listen EADDRINUSE: address already in use :::3000
    at Server.setupListenHandle [as _listen2] (node:net:2008:16)
    at listenInCluster (node:net:2065:12)
    at Server.listen (node:net:2170:7)
    at app.listen (C:\Users\dits\Downloads\SwannHub\node_modules\express\lib\application.js:635:24)
    at Object.<anonymous> (C:\Users\dits\Downloads\SwannHub\server.js:207:5)
    at Module._compile (node:internal/modules/cjs/loader:1830:14)
    at Object..js (node:internal/modules/cjs/loader:1961:10)
    at Module.load (node:internal/modules/cjs/loader:1553:32)
    at Module._load (node:internal/modules/cjs/loader:1355:12)
    at wrapModuleLoad (node:internal/modules/cjs/loader:255:19)
[2026-07-14T05:37:13.431Z] [FATAL] uncaughtException: Error: listen EADDRINUSE: address already in use :::3000
    at Server.setupListenHandle [as _listen2] (node:net:2008:16)
    at listenInCluster (node:net:2065:12)
    at Server.listen (node:net:2170:7)
    at app.listen (C:\Users\dits\Downloads\SwannHub\node_modules\express\lib\application.js:635:24)
    at Object.<anonymous> (C:\Users\dits\Downloads\SwannHub\server.js:207:5)
    at Module._compile (node:internal/modules/cjs/loader:1830:14)
    at Object..js (node:internal/modules/cjs/loader:1961:10)
    at Module.load (node:internal/modules/cjs/loader:1553:32)
    at Module._load (node:internal/modules/cjs/loader:1355:12)
    at wrapModuleLoad (node:internal/modules/cjs/loader:255:19)
[2026-07-14T05:37:18.412Z] [FATAL] uncaughtException: Error: listen EADDRINUSE: address already in use :::3000
    at Server.setupListenHandle [as _listen2] (node:net:2008:16)
    at listenInCluster (node:net:2065:12)
    at Server.listen (node:net:2170:7)
    at app.listen (C:\Users\dits\Downloads\SwannHub\node_modules\express\lib\application.js:635:24)
    at Object.<anonymous> (C:\Users\dits\Downloads\SwannHub\server.js:207:5)
    at Module._compile (node:internal/modules/cjs/loader:1830:14)
    at Object..js (node:internal/modules/cjs/loader:1961:10)
    at Module.load (node:internal/modules/cjs/loader:1553:32)
    at Module._load (node:internal/modules/cjs/loader:1355:12)
    at wrapModuleLoad (node:internal/modules/cjs/loader:255:19)
[2026-07-14T05:37:24.472Z] [FATAL] uncaughtException: Error: listen EADDRINUSE: address already in use :::3000
    at Server.setupListenHandle [as _listen2] (node:net:2008:16)
    at listenInCluster (node:net:2065:12)
    at Server.listen (node:net:2170:7)
    at app.listen (C:\Users\dits\Downloads\SwannHub\node_modules\express\lib\application.js:635:24)
    at Object.<anonymous> (C:\Users\dits\Downloads\SwannHub\server.js:207:5)
    at Module._compile (node:internal/modules/cjs/loader:1830:14)
    at Object..js (node:internal/modules/cjs/loader:1961:10)
    at Module.load (node:internal/modules/cjs/loader:1553:32)
    at Module._load (node:internal/modules/cjs/loader:1355:12)
    at wrapModuleLoad (node:internal/modules/cjs/loader:255:19)
[2026-07-14T05:37:30.365Z] [FATAL] uncaughtException: Error: listen EADDRINUSE: address already in use :::3000
    at Server.setupListenHandle [as _listen2] (node:net:2008:16)
    at listenInCluster (node:net:2065:12)
    at Server.listen (node:net:2170:7)
    at app.listen (C:\Users\dits\Downloads\SwannHub\node_modules\express\lib\application.js:635:24)
    at Object.<anonymous> (C:\Users\dits\Downloads\SwannHub\server.js:207:5)
    at Module._compile (node:internal/modules/cjs/loader:1830:14)
    at Object..js (node:internal/modules/cjs/loader:1961:10)
    at Module.load (node:internal/modules/cjs/loader:1553:32)
    at Module._load (node:internal/modules/cjs/loader:1355:12)
    at wrapModuleLoad (node:internal/modules/cjs/loader:255:19)
[2026-07-14T05:37:33.913Z] [FATAL] uncaughtException: Error: listen EADDRINUSE: address already in use :::3000
    at Server.setupListenHandle [as _listen2] (node:net:2008:16)
    at listenInCluster (node:net:2065:12)
    at Server.listen (node:net:2170:7)
    at app.listen (C:\Users\dits\Downloads\SwannHub\node_modules\express\lib\application.js:635:24)
    at Object.<anonymous> (C:\Users\dits\Downloads\SwannHub\server.js:207:5)
    at Module._compile (node:internal/modules/cjs/loader:1830:14)
    at Object..js (node:internal/modules/cjs/loader:1961:10)
    at Module.load (node:internal/modules/cjs/loader:1553:32)
    at Module._load (node:internal/modules/cjs/loader:1355:12)
    at wrapModuleLoad (node:internal/modules/cjs/loader:255:19)
[2026-07-14T05:37:35.456Z] [FATAL] uncaughtException: Error: listen EADDRINUSE: address already in use :::3000
    at Server.setupListenHandle [as _listen2] (node:net:2008:16)
    at listenInCluster (node:net:2065:12)
    at Server.listen (node:net:2170:7)
    at app.listen (C:\Users\dits\Downloads\SwannHub\node_modules\express\lib\application.js:635:24)
    at Object.<anonymous> (C:\Users\dits\Downloads\SwannHub\server.js:207:5)
    at Module._compile (node:internal/modules/cjs/loader:1830:14)
    at Object..js (node:internal/modules/cjs/loader:1961:10)
    at Module.load (node:internal/modules/cjs/loader:1553:32)
    at Module._load (node:internal/modules/cjs/loader:1355:12)
    at wrapModuleLoad (node:internal/modules/cjs/loader:255:19)
[2026-07-14T05:37:39.434Z] Server start di port 3000.
[2026-07-14T05:37:40.402Z] [FATAL] uncaughtException: Error: listen EADDRINUSE: address already in use :::3000
    at Server.setupListenHandle [as _listen2] (node:net:2008:16)
    at listenInCluster (node:net:2065:12)
    at Server.listen (node:net:2170:7)
    at app.listen (C:\Users\dits\Downloads\SwannHub\node_modules\express\lib\application.js:635:24)
    at Object.<anonymous> (C:\Users\dits\Downloads\SwannHub\server.js:207:5)
    at Module._compile (node:internal/modules/cjs/loader:1830:14)
    at Object..js (node:internal/modules/cjs/loader:1961:10)
    at Module.load (node:internal/modules/cjs/loader:1553:32)
    at Module._load (node:internal/modules/cjs/loader:1355:12)
    at wrapModuleLoad (node:internal/modules/cjs/loader:255:19)
[2026-07-14T05:37:41.410Z] [FATAL] uncaughtException: Error: listen EADDRINUSE: address already in use :::3000
    at Server.setupListenHandle [as _listen2] (node:net:2008:16)
    at listenInCluster (node:net:2065:12)
    at Server.listen (node:net:2170:7)
    at app.listen (C:\Users\dits\Downloads\SwannHub\node_modules\express\lib\application.js:635:24)
    at Object.<anonymous> (C:\Users\dits\Downloads\SwannHub\server.js:207:5)
    at Module._compile (node:internal/modules/cjs/loader:1830:14)
    at Object..js (node:internal/modules/cjs/loader:1961:10)
    at Module.load (node:internal/modules/cjs/loader:1553:32)
    at Module._load (node:internal/modules/cjs/loader:1355:12)
    at wrapModuleLoad (node:internal/modules/cjs/loader:255:19)
[2026-07-14T05:37:44.544Z] [FATAL] uncaughtException: Error: listen EADDRINUSE: address already in use :::3000
    at Server.setupListenHandle [as _listen2] (node:net:2008:16)
    at listenInCluster (node:net:2065:12)
    at Server.listen (node:net:2170:7)
    at app.listen (C:\Users\dits\Downloads\SwannHub\node_modules\express\lib\application.js:635:24)
    at Object.<anonymous> (C:\Users\dits\Downloads\SwannHub\server.js:207:5)
    at Module._compile (node:internal/modules/cjs/loader:1830:14)
    at Object..js (node:internal/modules/cjs/loader:1961:10)
    at Module.load (node:internal/modules/cjs/loader:1553:32)
    at Module._load (node:internal/modules/cjs/loader:1355:12)
    at wrapModuleLoad (node:internal/modules/cjs/loader:255:19)
[2026-07-14T05:37:45.388Z] [FATAL] uncaughtException: Error: listen EADDRINUSE: address already in use :::3000
    at Server.setupListenHandle [as _listen2] (node:net:2008:16)
    at listenInCluster (node:net:2065:12)
    at Server.listen (node:net:2170:7)
    at app.listen (C:\Users\dits\Downloads\SwannHub\node_modules\express\lib\application.js:635:24)
    at Object.<anonymous> (C:\Users\dits\Downloads\SwannHub\server.js:207:5)
    at Module._compile (node:internal/modules/cjs/loader:1830:14)
    at Object..js (node:internal/modules/cjs/loader:1961:10)
    at Module.load (node:internal/modules/cjs/loader:1553:32)
    at Module._load (node:internal/modules/cjs/loader:1355:12)
    at wrapModuleLoad (node:internal/modules/cjs/loader:255:19)
[2026-07-14T05:37:46.406Z] [FATAL] uncaughtException: Error: listen EADDRINUSE: address already in use :::3000
    at Server.setupListenHandle [as _listen2] (node:net:2008:16)
    at listenInCluster (node:net:2065:12)
    at Server.listen (node:net:2170:7)
    at app.listen (C:\Users\dits\Downloads\SwannHub\node_modules\express\lib\application.js:635:24)
    at Object.<anonymous> (C:\Users\dits\Downloads\SwannHub\server.js:207:5)
    at Module._compile (node:internal/modules/cjs/loader:1830:14)
    at Object..js (node:internal/modules/cjs/loader:1961:10)
    at Module.load (node:internal/modules/cjs/loader:1553:32)
    at Module._load (node:internal/modules/cjs/loader:1355:12)
    at wrapModuleLoad (node:internal/modules/cjs/loader:255:19)
[2026-07-14T05:37:49.726Z] [FATAL] uncaughtException: Error: listen EADDRINUSE: address already in use :::3000
    at Server.setupListenHandle [as _listen2] (node:net:2008:16)
    at listenInCluster (node:net:2065:12)
    at Server.listen (node:net:2170:7)
    at app.listen (C:\Users\dits\Downloads\SwannHub\node_modules\express\lib\application.js:635:24)
    at Object.<anonymous> (C:\Users\dits\Downloads\SwannHub\server.js:207:5)
    at Module._compile (node:internal/modules/cjs/loader:1830:14)
    at Object..js (node:internal/modules/cjs/loader:1961:10)
    at Module.load (node:internal/modules/cjs/loader:1553:32)
    at Module._load (node:internal/modules/cjs/loader:1355:12)
    at wrapModuleLoad (node:internal/modules/cjs/loader:255:19)
[2026-07-14T05:37:50.505Z] [FATAL] uncaughtException: Error: listen EADDRINUSE: address already in use :::3000
    at Server.setupListenHandle [as _listen2] (node:net:2008:16)
    at listenInCluster (node:net:2065:12)
    at Server.listen (node:net:2170:7)
    at app.listen (C:\Users\dits\Downloads\SwannHub\node_modules\express\lib\application.js:635:24)
    at Object.<anonymous> (C:\Users\dits\Downloads\SwannHub\server.js:207:5)
    at Module._compile (node:internal/modules/cjs/loader:1830:14)
    at Object..js (node:internal/modules/cjs/loader:1961:10)
    at Module.load (node:internal/modules/cjs/loader:1553:32)
    at Module._load (node:internal/modules/cjs/loader:1355:12)
    at wrapModuleLoad (node:internal/modules/cjs/loader:255:19)
[2026-07-14T05:37:50.507Z] [FATAL] uncaughtException: Error: listen EADDRINUSE: address already in use :::3000
    at Server.setupListenHandle [as _listen2] (node:net:2008:16)
    at listenInCluster (node:net:2065:12)
    at Server.listen (node:net:2170:7)
    at app.listen (C:\Users\dits\Downloads\SwannHub\node_modules\express\lib\application.js:635:24)
    at Object.<anonymous> (C:\Users\dits\Downloads\SwannHub\server.js:207:5)
    at Module._compile (node:internal/modules/cjs/loader:1830:14)
    at Object..js (node:internal/modules/cjs/loader:1961:10)
    at Module.load (node:internal/modules/cjs/loader:1553:32)
    at Module._load (node:internal/modules/cjs/loader:1355:12)
    at wrapModuleLoad (node:internal/modules/cjs/loader:255:19)
[2026-07-14T05:37:51.419Z] [FATAL] uncaughtException: Error: listen EADDRINUSE: address already in use :::3000
    at Server.setupListenHandle [as _listen2] (node:net:2008:16)
    at listenInCluster (node:net:2065:12)
    at Server.listen (node:net:2170:7)
    at app.listen (C:\Users\dits\Downloads\SwannHub\node_modules\express\lib\application.js:635:24)
    at Object.<anonymous> (C:\Users\dits\Downloads\SwannHub\server.js:207:5)
    at Module._compile (node:internal/modules/cjs/loader:1830:14)
    at Object..js (node:internal/modules/cjs/loader:1961:10)
    at Module.load (node:internal/modules/cjs/loader:1553:32)
    at Module._load (node:internal/modules/cjs/loader:1355:12)
    at wrapModuleLoad (node:internal/modules/cjs/loader:255:19)
[2026-07-14T05:37:56.422Z] [FATAL] uncaughtException: Error: listen EADDRINUSE: address already in use :::3000
    at Server.setupListenHandle [as _listen2] (node:net:2008:16)
    at listenInCluster (node:net:2065:12)
    at Server.listen (node:net:2170:7)
    at app.listen (C:\Users\dits\Downloads\SwannHub\node_modules\express\lib\application.js:635:24)
    at Object.<anonymous> (C:\Users\dits\Downloads\SwannHub\server.js:207:5)
    at Module._compile (node:internal/modules/cjs/loader:1830:14)
    at Object..js (node:internal/modules/cjs/loader:1961:10)
    at Module.load (node:internal/modules/cjs/loader:1553:32)
    at Module._load (node:internal/modules/cjs/loader:1355:12)
    at wrapModuleLoad (node:internal/modules/cjs/loader:255:19)
[2026-07-14T05:37:56.457Z] [FATAL] uncaughtException: Error: listen EADDRINUSE: address already in use :::3000
    at Server.setupListenHandle [as _listen2] (node:net:2008:16)
    at listenInCluster (node:net:2065:12)
    at Server.listen (node:net:2170:7)
    at app.listen (C:\Users\dits\Downloads\SwannHub\node_modules\express\lib\application.js:635:24)
    at Object.<anonymous> (C:\Users\dits\Downloads\SwannHub\server.js:207:5)
    at Module._compile (node:internal/modules/cjs/loader:1830:14)
    at Object..js (node:internal/modules/cjs/loader:1961:10)
    at Module.load (node:internal/modules/cjs/loader:1553:32)
    at Module._load (node:internal/modules/cjs/loader:1355:12)
    at wrapModuleLoad (node:internal/modules/cjs/loader:255:19)
[2026-07-14T05:37:56.459Z] [FATAL] uncaughtException: Error: listen EADDRINUSE: address already in use :::3000
    at Server.setupListenHandle [as _listen2] (node:net:2008:16)
    at listenInCluster (node:net:2065:12)
    at Server.listen (node:net:2170:7)
    at app.listen (C:\Users\dits\Downloads\SwannHub\node_modules\express\lib\application.js:635:24)
    at Object.<anonymous> (C:\Users\dits\Downloads\SwannHub\server.js:207:5)
    at Module._compile (node:internal/modules/cjs/loader:1830:14)
    at Object..js (node:internal/modules/cjs/loader:1961:10)
    at Module.load (node:internal/modules/cjs/loader:1553:32)
    at Module._load (node:internal/modules/cjs/loader:1355:12)
    at wrapModuleLoad (node:internal/modules/cjs/loader:255:19)
[2026-07-14T05:38:01.477Z] [FATAL] uncaughtException: Error: listen EADDRINUSE: address already in use :::3000
    at Server.setupListenHandle [as _listen2] (node:net:2008:16)
    at listenInCluster (node:net:2065:12)
    at Server.listen (node:net:2170:7)
    at app.listen (C:\Users\dits\Downloads\SwannHub\node_modules\express\lib\application.js:635:24)
    at Object.<anonymous> (C:\Users\dits\Downloads\SwannHub\server.js:207:5)
    at Module._compile (node:internal/modules/cjs/loader:1830:14)
    at Object..js (node:internal/modules/cjs/loader:1961:10)
    at Module.load (node:internal/modules/cjs/loader:1553:32)
    at Module._load (node:internal/modules/cjs/loader:1355:12)
    at wrapModuleLoad (node:internal/modules/cjs/loader:255:19)
[2026-07-14T05:38:01.479Z] [FATAL] uncaughtException: Error: listen EADDRINUSE: address already in use :::3000
    at Server.setupListenHandle [as _listen2] (node:net:2008:16)
    at listenInCluster (node:net:2065:12)
    at Server.listen (node:net:2170:7)
    at app.listen (C:\Users\dits\Downloads\SwannHub\node_modules\express\lib\application.js:635:24)
    at Object.<anonymous> (C:\Users\dits\Downloads\SwannHub\server.js:207:5)
    at Module._compile (node:internal/modules/cjs/loader:1830:14)
    at Object..js (node:internal/modules/cjs/loader:1961:10)
    at Module.load (node:internal/modules/cjs/loader:1553:32)
    at Module._load (node:internal/modules/cjs/loader:1355:12)
    at wrapModuleLoad (node:internal/modules/cjs/loader:255:19)
[2026-07-14T05:38:02.415Z] [FATAL] uncaughtException: Error: listen EADDRINUSE: address already in use :::3000
    at Server.setupListenHandle [as _listen2] (node:net:2008:16)
    at listenInCluster (node:net:2065:12)
    at Server.listen (node:net:2170:7)
    at app.listen (C:\Users\dits\Downloads\SwannHub\node_modules\express\lib\application.js:635:24)
    at Object.<anonymous> (C:\Users\dits\Downloads\SwannHub\server.js:207:5)
    at Module._compile (node:internal/modules/cjs/loader:1830:14)
    at Object..js (node:internal/modules/cjs/loader:1961:10)
    at Module.load (node:internal/modules/cjs/loader:1553:32)
    at Module._load (node:internal/modules/cjs/loader:1355:12)
    at wrapModuleLoad (node:internal/modules/cjs/loader:255:19)
[2026-07-14T05:38:07.385Z] [FATAL] uncaughtException: Error: listen EADDRINUSE: address already in use :::3000
    at Server.setupListenHandle [as _listen2] (node:net:2008:16)
    at listenInCluster (node:net:2065:12)
    at Server.listen (node:net:2170:7)
    at app.listen (C:\Users\dits\Downloads\SwannHub\node_modules\express\lib\application.js:635:24)
    at Object.<anonymous> (C:\Users\dits\Downloads\SwannHub\server.js:207:5)
    at Module._compile (node:internal/modules/cjs/loader:1830:14)
    at Object..js (node:internal/modules/cjs/loader:1961:10)
    at Module.load (node:internal/modules/cjs/loader:1553:32)
    at Module._load (node:internal/modules/cjs/loader:1355:12)
    at wrapModuleLoad (node:internal/modules/cjs/loader:255:19)
[2026-07-14T05:38:07.501Z] [FATAL] uncaughtException: Error: listen EADDRINUSE: address already in use :::3000
    at Server.setupListenHandle [as _listen2] (node:net:2008:16)
    at listenInCluster (node:net:2065:12)
    at Server.listen (node:net:2170:7)
    at app.listen (C:\Users\dits\Downloads\SwannHub\node_modules\express\lib\application.js:635:24)
    at Object.<anonymous> (C:\Users\dits\Downloads\SwannHub\server.js:207:5)
    at Module._compile (node:internal/modules/cjs/loader:1830:14)
    at Object..js (node:internal/modules/cjs/loader:1961:10)
    at Module.load (node:internal/modules/cjs/loader:1553:32)
    at Module._load (node:internal/modules/cjs/loader:1355:12)
    at wrapModuleLoad (node:internal/modules/cjs/loader:255:19)
[2026-07-14T05:38:07.502Z] [FATAL] uncaughtException: Error: listen EADDRINUSE: address already in use :::3000
    at Server.setupListenHandle [as _listen2] (node:net:2008:16)
    at listenInCluster (node:net:2065:12)
    at Server.listen (node:net:2170:7)
    at app.listen (C:\Users\dits\Downloads\SwannHub\node_modules\express\lib\application.js:635:24)
    at Object.<anonymous> (C:\Users\dits\Downloads\SwannHub\server.js:207:5)
    at Module._compile (node:internal/modules/cjs/loader:1830:14)
    at Object..js (node:internal/modules/cjs/loader:1961:10)
    at Module.load (node:internal/modules/cjs/loader:1553:32)
    at Module._load (node:internal/modules/cjs/loader:1355:12)
    at wrapModuleLoad (node:internal/modules/cjs/loader:255:19)
[2026-07-14T05:38:12.456Z] [FATAL] uncaughtException: Error: listen EADDRINUSE: address already in use :::3000
    at Server.setupListenHandle [as _listen2] (node:net:2008:16)
    at listenInCluster (node:net:2065:12)
    at Server.listen (node:net:2170:7)
    at app.listen (C:\Users\dits\Downloads\SwannHub\node_modules\express\lib\application.js:635:24)
    at Object.<anonymous> (C:\Users\dits\Downloads\SwannHub\server.js:207:5)
    at Module._compile (node:internal/modules/cjs/loader:1830:14)
    at Object..js (node:internal/modules/cjs/loader:1961:10)
    at Module.load (node:internal/modules/cjs/loader:1553:32)
    at Module._load (node:internal/modules/cjs/loader:1355:12)
    at wrapModuleLoad (node:internal/modules/cjs/loader:255:19)
[2026-07-14T05:38:13.393Z] [FATAL] uncaughtException: Error: listen EADDRINUSE: address already in use :::3000
    at Server.setupListenHandle [as _listen2] (node:net:2008:16)
    at listenInCluster (node:net:2065:12)
    at Server.listen (node:net:2170:7)
    at app.listen (C:\Users\dits\Downloads\SwannHub\node_modules\express\lib\application.js:635:24)
    at Object.<anonymous> (C:\Users\dits\Downloads\SwannHub\server.js:207:5)
    at Module._compile (node:internal/modules/cjs/loader:1830:14)
    at Object..js (node:internal/modules/cjs/loader:1961:10)
    at Module.load (node:internal/modules/cjs/loader:1553:32)
    at Module._load (node:internal/modules/cjs/loader:1355:12)
    at wrapModuleLoad (node:internal/modules/cjs/loader:255:19)
[2026-07-14T05:38:13.424Z] [FATAL] uncaughtException: Error: listen EADDRINUSE: address already in use :::3000
    at Server.setupListenHandle [as _listen2] (node:net:2008:16)
    at listenInCluster (node:net:2065:12)
    at Server.listen (node:net:2170:7)
    at app.listen (C:\Users\dits\Downloads\SwannHub\node_modules\express\lib\application.js:635:24)
    at Object.<anonymous> (C:\Users\dits\Downloads\SwannHub\server.js:207:5)
    at Module._compile (node:internal/modules/cjs/loader:1830:14)
    at Object..js (node:internal/modules/cjs/loader:1961:10)
    at Module.load (node:internal/modules/cjs/loader:1553:32)
    at Module._load (node:internal/modules/cjs/loader:1355:12)
    at wrapModuleLoad (node:internal/modules/cjs/loader:255:19)
[2026-07-14T05:38:18.406Z] [FATAL] uncaughtException: Error: listen EADDRINUSE: address already in use :::3000
    at Server.setupListenHandle [as _listen2] (node:net:2008:16)
    at listenInCluster (node:net:2065:12)
    at Server.listen (node:net:2170:7)
    at app.listen (C:\Users\dits\Downloads\SwannHub\node_modules\express\lib\application.js:635:24)
    at Object.<anonymous> (C:\Users\dits\Downloads\SwannHub\server.js:207:5)
    at Module._compile (node:internal/modules/cjs/loader:1830:14)
    at Object..js (node:internal/modules/cjs/loader:1961:10)
    at Module.load (node:internal/modules/cjs/loader:1553:32)
    at Module._load (node:internal/modules/cjs/loader:1355:12)
    at wrapModuleLoad (node:internal/modules/cjs/loader:255:19)
[2026-07-14T05:38:19.405Z] [FATAL] uncaughtException: Error: listen EADDRINUSE: address already in use :::3000
    at Server.setupListenHandle [as _listen2] (node:net:2008:16)
    at listenInCluster (node:net:2065:12)
    at Server.listen (node:net:2170:7)
    at app.listen (C:\Users\dits\Downloads\SwannHub\node_modules\express\lib\application.js:635:24)
    at Object.<anonymous> (C:\Users\dits\Downloads\SwannHub\server.js:207:5)
    at Module._compile (node:internal/modules/cjs/loader:1830:14)
    at Object..js (node:internal/modules/cjs/loader:1961:10)
    at Module.load (node:internal/modules/cjs/loader:1553:32)
    at Module._load (node:internal/modules/cjs/loader:1355:12)
    at wrapModuleLoad (node:internal/modules/cjs/loader:255:19)
[2026-07-14T05:38:19.403Z] [FATAL] uncaughtException: Error: listen EADDRINUSE: address already in use :::3000
    at Server.setupListenHandle [as _listen2] (node:net:2008:16)
    at listenInCluster (node:net:2065:12)
    at Server.listen (node:net:2170:7)
    at app.listen (C:\Users\dits\Downloads\SwannHub\node_modules\express\lib\application.js:635:24)
    at Object.<anonymous> (C:\Users\dits\Downloads\SwannHub\server.js:207:5)
    at Module._compile (node:internal/modules/cjs/loader:1830:14)
    at Object..js (node:internal/modules/cjs/loader:1961:10)
    at Module.load (node:internal/modules/cjs/loader:1553:32)
    at Module._load (node:internal/modules/cjs/loader:1355:12)
    at wrapModuleLoad (node:internal/modules/cjs/loader:255:19)
[2026-07-14T05:38:23.395Z] [FATAL] uncaughtException: Error: listen EADDRINUSE: address already in use :::3000
    at Server.setupListenHandle [as _listen2] (node:net:2008:16)
    at listenInCluster (node:net:2065:12)
    at Server.listen (node:net:2170:7)
    at app.listen (C:\Users\dits\Downloads\SwannHub\node_modules\express\lib\application.js:635:24)
    at Object.<anonymous> (C:\Users\dits\Downloads\SwannHub\server.js:207:5)
    at Module._compile (node:internal/modules/cjs/loader:1830:14)
    at Object..js (node:internal/modules/cjs/loader:1961:10)
    at Module.load (node:internal/modules/cjs/loader:1553:32)
    at Module._load (node:internal/modules/cjs/loader:1355:12)
    at wrapModuleLoad (node:internal/modules/cjs/loader:255:19)
[2026-07-14T05:38:24.437Z] [FATAL] uncaughtException: Error: listen EADDRINUSE: address already in use :::3000
    at Server.setupListenHandle [as _listen2] (node:net:2008:16)
    at listenInCluster (node:net:2065:12)
    at Server.listen (node:net:2170:7)
    at app.listen (C:\Users\dits\Downloads\SwannHub\node_modules\express\lib\application.js:635:24)
    at Object.<anonymous> (C:\Users\dits\Downloads\SwannHub\server.js:207:5)
    at Module._compile (node:internal/modules/cjs/loader:1830:14)
    at Object..js (node:internal/modules/cjs/loader:1961:10)
    at Module.load (node:internal/modules/cjs/loader:1553:32)
    at Module._load (node:internal/modules/cjs/loader:1355:12)
    at wrapModuleLoad (node:internal/modules/cjs/loader:255:19)
[2026-07-14T05:38:25.469Z] [FATAL] uncaughtException: Error: listen EADDRINUSE: address already in use :::3000
    at Server.setupListenHandle [as _listen2] (node:net:2008:16)
    at listenInCluster (node:net:2065:12)
    at Server.listen (node:net:2170:7)
    at app.listen (C:\Users\dits\Downloads\SwannHub\node_modules\express\lib\application.js:635:24)
    at Object.<anonymous> (C:\Users\dits\Downloads\SwannHub\server.js:207:5)
    at Module._compile (node:internal/modules/cjs/loader:1830:14)
    at Object..js (node:internal/modules/cjs/loader:1961:10)
    at Module.load (node:internal/modules/cjs/loader:1553:32)
    at Module._load (node:internal/modules/cjs/loader:1355:12)
    at wrapModuleLoad (node:internal/modules/cjs/loader:255:19)
[2026-07-14T05:38:28.312Z] Batch mulai: 1 akun.
[2026-07-14T05:38:28.442Z] [FATAL] uncaughtException: Error: listen EADDRINUSE: address already in use :::3000
    at Server.setupListenHandle [as _listen2] (node:net:2008:16)
    at listenInCluster (node:net:2065:12)
    at Server.listen (node:net:2170:7)
    at app.listen (C:\Users\dits\Downloads\SwannHub\node_modules\express\lib\application.js:635:24)
    at Object.<anonymous> (C:\Users\dits\Downloads\SwannHub\server.js:207:5)
    at Module._compile (node:internal/modules/cjs/loader:1830:14)
    at Object..js (node:internal/modules/cjs/loader:1961:10)
    at Module.load (node:internal/modules/cjs/loader:1553:32)
    at Module._load (node:internal/modules/cjs/loader:1355:12)
    at wrapModuleLoad (node:internal/modules/cjs/loader:255:19)
[2026-07-14T05:38:30.509Z] [FATAL] uncaughtException: Error: listen EADDRINUSE: address already in use :::3000
    at Server.setupListenHandle [as _listen2] (node:net:2008:16)
    at listenInCluster (node:net:2065:12)
    at Server.listen (node:net:2170:7)
    at app.listen (C:\Users\dits\Downloads\SwannHub\node_modules\express\lib\application.js:635:24)
    at Object.<anonymous> (C:\Users\dits\Downloads\SwannHub\server.js:207:5)
    at Module._compile (node:internal/modules/cjs/loader:1830:14)
    at Object..js (node:internal/modules/cjs/loader:1961:10)
    at Module.load (node:internal/modules/cjs/loader:1553:32)
    at Module._load (node:internal/modules/cjs/loader:1355:12)
    at wrapModuleLoad (node:internal/modules/cjs/loader:255:19)
[2026-07-14T05:38:30.510Z] [FATAL] uncaughtException: Error: listen EADDRINUSE: address already in use :::3000
    at Server.setupListenHandle [as _listen2] (node:net:2008:16)
    at listenInCluster (node:net:2065:12)
    at Server.listen (node:net:2170:7)
    at app.listen (C:\Users\dits\Downloads\SwannHub\node_modules\express\lib\application.js:635:24)
    at Object.<anonymous> (C:\Users\dits\Downloads\SwannHub\server.js:207:5)
    at Module._compile (node:internal/modules/cjs/loader:1830:14)
    at Object..js (node:internal/modules/cjs/loader:1961:10)
    at Module.load (node:internal/modules/cjs/loader:1553:32)
    at Module._load (node:internal/modules/cjs/loader:1355:12)
    at wrapModuleLoad (node:internal/modules/cjs/loader:255:19)
[2026-07-14T05:38:33.422Z] [FATAL] uncaughtException: Error: listen EADDRINUSE: address already in use :::3000
    at Server.setupListenHandle [as _listen2] (node:net:2008:16)
    at listenInCluster (node:net:2065:12)
    at Server.listen (node:net:2170:7)
    at app.listen (C:\Users\dits\Downloads\SwannHub\node_modules\express\lib\application.js:635:24)
    at Object.<anonymous> (C:\Users\dits\Downloads\SwannHub\server.js:207:5)
    at Module._compile (node:internal/modules/cjs/loader:1830:14)
    at Object..js (node:internal/modules/cjs/loader:1961:10)
    at Module.load (node:internal/modules/cjs/loader:1553:32)
    at Module._load (node:internal/modules/cjs/loader:1355:12)
    at wrapModuleLoad (node:internal/modules/cjs/loader:255:19)
[2026-07-14T05:38:36.453Z] [FATAL] uncaughtException: Error: listen EADDRINUSE: address already in use :::3000
    at Server.setupListenHandle [as _listen2] (node:net:2008:16)
    at listenInCluster (node:net:2065:12)
    at Server.listen (node:net:2170:7)
    at app.listen (C:\Users\dits\Downloads\SwannHub\node_modules\express\lib\application.js:635:24)
    at Object.<anonymous> (C:\Users\dits\Downloads\SwannHub\server.js:207:5)
    at Module._compile (node:internal/modules/cjs/loader:1830:14)
    at Object..js (node:internal/modules/cjs/loader:1961:10)
    at Module.load (node:internal/modules/cjs/loader:1553:32)
    at Module._load (node:internal/modules/cjs/loader:1355:12)
    at wrapModuleLoad (node:internal/modules/cjs/loader:255:19)
[2026-07-14T05:38:36.453Z] [FATAL] uncaughtException: Error: listen EADDRINUSE: address already in use :::3000
    at Server.setupListenHandle [as _listen2] (node:net:2008:16)
    at listenInCluster (node:net:2065:12)
    at Server.listen (node:net:2170:7)
    at app.listen (C:\Users\dits\Downloads\SwannHub\node_modules\express\lib\application.js:635:24)
    at Object.<anonymous> (C:\Users\dits\Downloads\SwannHub\server.js:207:5)
    at Module._compile (node:internal/modules/cjs/loader:1830:14)
    at Object..js (node:internal/modules/cjs/loader:1961:10)
    at Module.load (node:internal/modules/cjs/loader:1553:32)
    at Module._load (node:internal/modules/cjs/loader:1355:12)
    at wrapModuleLoad (node:internal/modules/cjs/loader:255:19)
[2026-07-14T05:38:38.421Z] [FATAL] uncaughtException: Error: listen EADDRINUSE: address already in use :::3000
    at Server.setupListenHandle [as _listen2] (node:net:2008:16)
    at listenInCluster (node:net:2065:12)
    at Server.listen (node:net:2170:7)
    at app.listen (C:\Users\dits\Downloads\SwannHub\node_modules\express\lib\application.js:635:24)
    at Object.<anonymous> (C:\Users\dits\Downloads\SwannHub\server.js:207:5)
    at Module._compile (node:internal/modules/cjs/loader:1830:14)
    at Object..js (node:internal/modules/cjs/loader:1961:10)
    at Module.load (node:internal/modules/cjs/loader:1553:32)
    at Module._load (node:internal/modules/cjs/loader:1355:12)
    at wrapModuleLoad (node:internal/modules/cjs/loader:255:19)
[2026-07-14T05:38:42.457Z] [FATAL] uncaughtException: Error: listen EADDRINUSE: address already in use :::3000
    at Server.setupListenHandle [as _listen2] (node:net:2008:16)
    at listenInCluster (node:net:2065:12)
    at Server.listen (node:net:2170:7)
    at app.listen (C:\Users\dits\Downloads\SwannHub\node_modules\express\lib\application.js:635:24)
    at Object.<anonymous> (C:\Users\dits\Downloads\SwannHub\server.js:207:5)
    at Module._compile (node:internal/modules/cjs/loader:1830:14)
    at Object..js (node:internal/modules/cjs/loader:1961:10)
    at Module.load (node:internal/modules/cjs/loader:1553:32)
    at Module._load (node:internal/modules/cjs/loader:1355:12)
    at wrapModuleLoad (node:internal/modules/cjs/loader:255:19)
[2026-07-14T05:38:42.459Z] [FATAL] uncaughtException: Error: listen EADDRINUSE: address already in use :::3000
    at Server.setupListenHandle [as _listen2] (node:net:2008:16)
    at listenInCluster (node:net:2065:12)
    at Server.listen (node:net:2170:7)
    at app.listen (C:\Users\dits\Downloads\SwannHub\node_modules\express\lib\application.js:635:24)
    at Object.<anonymous> (C:\Users\dits\Downloads\SwannHub\server.js:207:5)
    at Module._compile (node:internal/modules/cjs/loader:1830:14)
    at Object..js (node:internal/modules/cjs/loader:1961:10)
    at Module.load (node:internal/modules/cjs/loader:1553:32)
    at Module._load (node:internal/modules/cjs/loader:1355:12)
    at wrapModuleLoad (node:internal/modules/cjs/loader:255:19)
[2026-07-14T05:38:43.450Z] [FATAL] uncaughtException: Error: listen EADDRINUSE: address already in use :::3000
    at Server.setupListenHandle [as _listen2] (node:net:2008:16)
    at listenInCluster (node:net:2065:12)
    at Server.listen (node:net:2170:7)
    at app.listen (C:\Users\dits\Downloads\SwannHub\node_modules\express\lib\application.js:635:24)
    at Object.<anonymous> (C:\Users\dits\Downloads\SwannHub\server.js:207:5)
    at Module._compile (node:internal/modules/cjs/loader:1830:14)
    at Object..js (node:internal/modules/cjs/loader:1961:10)
    at Module.load (node:internal/modules/cjs/loader:1553:32)
    at Module._load (node:internal/modules/cjs/loader:1355:12)
    at wrapModuleLoad (node:internal/modules/cjs/loader:255:19)
[2026-07-14T05:38:47.377Z] [FATAL] uncaughtException: Error: listen EADDRINUSE: address already in use :::3000
    at Server.setupListenHandle [as _listen2] (node:net:2008:16)
    at listenInCluster (node:net:2065:12)
    at Server.listen (node:net:2170:7)
    at app.listen (C:\Users\dits\Downloads\SwannHub\node_modules\express\lib\application.js:635:24)
    at Object.<anonymous> (C:\Users\dits\Downloads\SwannHub\server.js:207:5)
    at Module._compile (node:internal/modules/cjs/loader:1830:14)
    at Object..js (node:internal/modules/cjs/loader:1961:10)
    at Module.load (node:internal/modules/cjs/loader:1553:32)
    at Module._load (node:internal/modules/cjs/loader:1355:12)
    at wrapModuleLoad (node:internal/modules/cjs/loader:255:19)
[2026-07-14T05:38:48.439Z] [FATAL] uncaughtException: Error: listen EADDRINUSE: address already in use :::3000
    at Server.setupListenHandle [as _listen2] (node:net:2008:16)
    at listenInCluster (node:net:2065:12)
    at Server.listen (node:net:2170:7)
    at app.listen (C:\Users\dits\Downloads\SwannHub\node_modules\express\lib\application.js:635:24)
    at Object.<anonymous> (C:\Users\dits\Downloads\SwannHub\server.js:207:5)
    at Module._compile (node:internal/modules/cjs/loader:1830:14)
    at Object..js (node:internal/modules/cjs/loader:1961:10)
    at Module.load (node:internal/modules/cjs/loader:1553:32)
    at Module._load (node:internal/modules/cjs/loader:1355:12)
    at wrapModuleLoad (node:internal/modules/cjs/loader:255:19)
[2026-07-14T05:38:48.439Z] [FATAL] uncaughtException: Error: listen EADDRINUSE: address already in use :::3000
    at Server.setupListenHandle [as _listen2] (node:net:2008:16)
    at listenInCluster (node:net:2065:12)
    at Server.listen (node:net:2170:7)
    at app.listen (C:\Users\dits\Downloads\SwannHub\node_modules\express\lib\application.js:635:24)
    at Object.<anonymous> (C:\Users\dits\Downloads\SwannHub\server.js:207:5)
    at Module._compile (node:internal/modules/cjs/loader:1830:14)
    at Object..js (node:internal/modules/cjs/loader:1961:10)
    at Module.load (node:internal/modules/cjs/loader:1553:32)
    at Module._load (node:internal/modules/cjs/loader:1355:12)
    at wrapModuleLoad (node:internal/modules/cjs/loader:255:19)
[2026-07-14T05:38:52.464Z] [FATAL] uncaughtException: Error: listen EADDRINUSE: address already in use :::3000
    at Server.setupListenHandle [as _listen2] (node:net:2008:16)
    at listenInCluster (node:net:2065:12)
    at Server.listen (node:net:2170:7)
    at app.listen (C:\Users\dits\Downloads\SwannHub\node_modules\express\lib\application.js:635:24)
    at Object.<anonymous> (C:\Users\dits\Downloads\SwannHub\server.js:207:5)
    at Module._compile (node:internal/modules/cjs/loader:1830:14)
    at Object..js (node:internal/modules/cjs/loader:1961:10)
    at Module.load (node:internal/modules/cjs/loader:1553:32)
    at Module._load (node:internal/modules/cjs/loader:1355:12)
    at wrapModuleLoad (node:internal/modules/cjs/loader:255:19)
[2026-07-14T05:38:54.391Z] [FATAL] uncaughtException: Error: listen EADDRINUSE: address already in use :::3000
    at Server.setupListenHandle [as _listen2] (node:net:2008:16)
    at listenInCluster (node:net:2065:12)
    at Server.listen (node:net:2170:7)
    at app.listen (C:\Users\dits\Downloads\SwannHub\node_modules\express\lib\application.js:635:24)
    at Object.<anonymous> (C:\Users\dits\Downloads\SwannHub\server.js:207:5)
    at Module._compile (node:internal/modules/cjs/loader:1830:14)
    at Object..js (node:internal/modules/cjs/loader:1961:10)
    at Module.load (node:internal/modules/cjs/loader:1553:32)
    at Module._load (node:internal/modules/cjs/loader:1355:12)
    at wrapModuleLoad (node:internal/modules/cjs/loader:255:19)
[2026-07-14T05:38:54.391Z] [FATAL] uncaughtException: Error: listen EADDRINUSE: address already in use :::3000
    at Server.setupListenHandle [as _listen2] (node:net:2008:16)
    at listenInCluster (node:net:2065:12)
    at Server.listen (node:net:2170:7)
    at app.listen (C:\Users\dits\Downloads\SwannHub\node_modules\express\lib\application.js:635:24)
    at Object.<anonymous> (C:\Users\dits\Downloads\SwannHub\server.js:207:5)
    at Module._compile (node:internal/modules/cjs/loader:1830:14)
    at Object..js (node:internal/modules/cjs/loader:1961:10)
    at Module.load (node:internal/modules/cjs/loader:1553:32)
    at Module._load (node:internal/modules/cjs/loader:1355:12)
    at wrapModuleLoad (node:internal/modules/cjs/loader:255:19)
[2026-07-14T05:38:58.492Z] [FATAL] uncaughtException: Error: listen EADDRINUSE: address already in use :::3000
    at Server.setupListenHandle [as _listen2] (node:net:2008:16)
    at listenInCluster (node:net:2065:12)
    at Server.listen (node:net:2170:7)
    at app.listen (C:\Users\dits\Downloads\SwannHub\node_modules\express\lib\application.js:635:24)
    at Object.<anonymous> (C:\Users\dits\Downloads\SwannHub\server.js:207:5)
    at Module._compile (node:internal/modules/cjs/loader:1830:14)
    at Object..js (node:internal/modules/cjs/loader:1961:10)
    at Module.load (node:internal/modules/cjs/loader:1553:32)
    at Module._load (node:internal/modules/cjs/loader:1355:12)
    at wrapModuleLoad (node:internal/modules/cjs/loader:255:19)
[2026-07-14T05:38:59.423Z] [FATAL] uncaughtException: Error: listen EADDRINUSE: address already in use :::3000
    at Server.setupListenHandle [as _listen2] (node:net:2008:16)
    at listenInCluster (node:net:2065:12)
    at Server.listen (node:net:2170:7)
    at app.listen (C:\Users\dits\Downloads\SwannHub\node_modules\express\lib\application.js:635:24)
    at Object.<anonymous> (C:\Users\dits\Downloads\SwannHub\server.js:207:5)
    at Module._compile (node:internal/modules/cjs/loader:1830:14)
    at Object..js (node:internal/modules/cjs/loader:1961:10)
    at Module.load (node:internal/modules/cjs/loader:1553:32)
    at Module._load (node:internal/modules/cjs/loader:1355:12)
    at wrapModuleLoad (node:internal/modules/cjs/loader:255:19)
[2026-07-14T05:38:59.483Z] [FATAL] uncaughtException: Error: listen EADDRINUSE: address already in use :::3000
    at Server.setupListenHandle [as _listen2] (node:net:2008:16)
    at listenInCluster (node:net:2065:12)
    at Server.listen (node:net:2170:7)
    at app.listen (C:\Users\dits\Downloads\SwannHub\node_modules\express\lib\application.js:635:24)
    at Object.<anonymous> (C:\Users\dits\Downloads\SwannHub\server.js:207:5)
    at Module._compile (node:internal/modules/cjs/loader:1830:14)
    at Object..js (node:internal/modules/cjs/loader:1961:10)
    at Module.load (node:internal/modules/cjs/loader:1553:32)
    at Module._load (node:internal/modules/cjs/loader:1355:12)
    at wrapModuleLoad (node:internal/modules/cjs/loader:255:19)
[2026-07-14T05:39:00.835Z] Batch selesai: total=1 sukses=1 skip=0 gagal=0
[2026-07-14T05:39:04.490Z] [FATAL] uncaughtException: Error: listen EADDRINUSE: address already in use :::3000
    at Server.setupListenHandle [as _listen2] (node:net:2008:16)
    at listenInCluster (node:net:2065:12)
    at Server.listen (node:net:2170:7)
    at app.listen (C:\Users\dits\Downloads\SwannHub\node_modules\express\lib\application.js:635:24)
    at Object.<anonymous> (C:\Users\dits\Downloads\SwannHub\server.js:207:5)
    at Module._compile (node:internal/modules/cjs/loader:1830:14)
    at Object..js (node:internal/modules/cjs/loader:1961:10)
    at Module.load (node:internal/modules/cjs/loader:1553:32)
    at Module._load (node:internal/modules/cjs/loader:1355:12)
    at wrapModuleLoad (node:internal/modules/cjs/loader:255:19)
[2026-07-14T05:39:05.474Z] [FATAL] uncaughtException: Error: listen EADDRINUSE: address already in use :::3000
    at Server.setupListenHandle [as _listen2] (node:net:2008:16)
    at listenInCluster (node:net:2065:12)
    at Server.listen (node:net:2170:7)
    at app.listen (C:\Users\dits\Downloads\SwannHub\node_modules\express\lib\application.js:635:24)
    at Object.<anonymous> (C:\Users\dits\Downloads\SwannHub\server.js:207:5)
    at Module._compile (node:internal/modules/cjs/loader:1830:14)
    at Object..js (node:internal/modules/cjs/loader:1961:10)
    at Module.load (node:internal/modules/cjs/loader:1553:32)
    at Module._load (node:internal/modules/cjs/loader:1355:12)
    at wrapModuleLoad (node:internal/modules/cjs/loader:255:19)
[2026-07-14T05:39:05.484Z] [FATAL] uncaughtException: Error: listen EADDRINUSE: address already in use :::3000
    at Server.setupListenHandle [as _listen2] (node:net:2008:16)
    at listenInCluster (node:net:2065:12)
    at Server.listen (node:net:2170:7)
    at app.listen (C:\Users\dits\Downloads\SwannHub\node_modules\express\lib\application.js:635:24)
    at Object.<anonymous> (C:\Users\dits\Downloads\SwannHub\server.js:207:5)
    at Module._compile (node:internal/modules/cjs/loader:1830:14)
    at Object..js (node:internal/modules/cjs/loader:1961:10)
    at Module.load (node:internal/modules/cjs/loader:1553:32)
    at Module._load (node:internal/modules/cjs/loader:1355:12)
    at wrapModuleLoad (node:internal/modules/cjs/loader:255:19)
[2026-07-14T05:39:09.392Z] [FATAL] uncaughtException: Error: listen EADDRINUSE: address already in use :::3000
    at Server.setupListenHandle [as _listen2] (node:net:2008:16)
    at listenInCluster (node:net:2065:12)
    at Server.listen (node:net:2170:7)
    at app.listen (C:\Users\dits\Downloads\SwannHub\node_modules\express\lib\application.js:635:24)
    at Object.<anonymous> (C:\Users\dits\Downloads\SwannHub\server.js:207:5)
    at Module._compile (node:internal/modules/cjs/loader:1830:14)
    at Object..js (node:internal/modules/cjs/loader:1961:10)
    at Module.load (node:internal/modules/cjs/loader:1553:32)
    at Module._load (node:internal/modules/cjs/loader:1355:12)
    at wrapModuleLoad (node:internal/modules/cjs/loader:255:19)
[2026-07-14T05:39:10.435Z] [FATAL] uncaughtException: Error: listen EADDRINUSE: address already in use :::3000
    at Server.setupListenHandle [as _listen2] (node:net:2008:16)
    at listenInCluster (node:net:2065:12)
    at Server.listen (node:net:2170:7)
    at app.listen (C:\Users\dits\Downloads\SwannHub\node_modules\express\lib\application.js:635:24)
    at Object.<anonymous> (C:\Users\dits\Downloads\SwannHub\server.js:207:5)
    at Module._compile (node:internal/modules/cjs/loader:1830:14)
    at Object..js (node:internal/modules/cjs/loader:1961:10)
    at Module.load (node:internal/modules/cjs/loader:1553:32)
    at Module._load (node:internal/modules/cjs/loader:1355:12)
    at wrapModuleLoad (node:internal/modules/cjs/loader:255:19)
